Arguments: 
  /usr/local/bin/node /usr/local/Cellar/yarn/1.1.0/libexec/bin/yarn.js build

PATH: 
  /usr/local/bin:/usr/bin:/bin:/usr/sbin:/sbin

Yarn version: 
  1.1.0

Node version: 
  8.9.1

Platform: 
  darwin x64

npm manifest: 
  {
    "name": "postcss-dynamic-import",
    "main": "src/index.js",
    "license": "MIT",
    "scripts": {
      "build": "webpack --config config/webpack.prod.js",
    },
    "devDependencies": {
      "babel-cli": "^6.26.0",
      "babel-core": "^6.26.0",
      "babel-loader": "^7.1.2",
      "babel-plugin-dynamic-import-node": "^1.2.0",
      "babel-plugin-transform-class-properties": "^6.24.1",
      "babel-plugin-transform-react-inline-elements": "^6.22.0",
      "babel-plugin-transform-react-jsx": "^6.24.1",
      "babel-preset-env": "^1.6.1",
      "extract-text-webpack-plugin": "^3.0.2",
      "less-loader": "^4.0.5",
      "node-sass": "^4.7.2",
      "postcss-cssnext": "^3.0.2",
      "postcss-import": "^11.0.0",
      "postcss-loader": "^2.0.9",
      "postcss-scss": "^1.0.2",
      "postcss-variables-rewrite": "https://github.com/radojesrb/postcss-variables-rewrite.git",
      "prop-types": "^15.6.0",
      "sass-loader": "^6.0.6",
      "svg-url-loader": "^2.3.1",
      "uglifyjs-webpack-plugin": "^1.1.4",
      "webpack": "^3.10.0"
    },
    "dependencies": {
      "classnames": "^2.2.5",
      "react": "^16.2.0",
      "react-dom": "^16.2.0"
    }
  }

yarn manifest: 
  No manifest

Lockfile: 
  No lockfile

Trace: 
  SyntaxError: /Users/dradojevic/Documents/projects/post-css-dynamic-import/package.json: Unexpected token } in JSON at position 157
      at JSON.parse (<anonymous>)
      at /usr/local/Cellar/yarn/1.1.0/libexec/lib/cli.js:764:59
      at Generator.next (<anonymous>)
      at step (/usr/local/Cellar/yarn/1.1.0/libexec/lib/cli.js:92:30)
      at /usr/local/Cellar/yarn/1.1.0/libexec/lib/cli.js:103:13
      at <anonymous>
